TN:
SF:src\custom-element.js
FN:8,attr
FN:9,isText
FN:10,create
FN:11,createText
FN:12,createNS
FN:13,xslNs
FN:14,xslHtmlNs
FN:16,ASSERT
FN:22,xml2dom
FN:27,xmlString
FN:30,injectData
FN:32,create
FN:33,inject
FN:42,assureSlot
FN:54,Json2Xml
FN:84,tagUid
FN:93,txt
FN:120,createXsltFromDom
FN:144,asXmlNode
FN:194,$
FN:206,slot2xsl
FN:219,xhrTemplate
FN:238,deepEqual
FN:254,injectSlice
FN:267,forEach$
FN:271,getByHashId
FN:272,loadTemplateRoots
FN:298,mergeAttr
FN:307,assureUnique
FN:328,merge
FN:355,assureUID
FN:363,connectedCallback
FN:379,get
FN:385,connectedCallback
FN:403,createXmlNode
FN:416,applySlices
FN:430,onSlice
FN:443,transform
FN:457,changeCb
FN:458,hasInitValue
FN:472,get dce
FN:485,get templateNode
FN:486,get dce
FN:488,get xslt
FN:258,createXmlNode
FN:222,dom
FN:227,xhr.onload
FNF:47
FNH:40
FNDA:7,attr
FNDA:4,isText
FNDA:6,create
FNDA:7,createText
FNDA:0,createNS
FNDA:7,xslNs
FNDA:7,xslHtmlNs
FNDA:4,ASSERT
FNDA:7,xml2dom
FNDA:0,xmlString
FNDA:7,injectData
FNDA:7,create
FNDA:7,inject
FNDA:4,assureSlot
FNDA:3,Json2Xml
FNDA:7,tagUid
FNDA:7,txt
FNDA:7,createXsltFromDom
FNDA:7,asXmlNode
FNDA:7,$
FNDA:3,slot2xsl
FNDA:1,xhrTemplate
FNDA:4,deepEqual
FNDA:4,injectSlice
FNDA:7,forEach$
FNDA:0,getByHashId
FNDA:7,loadTemplateRoots
FNDA:4,mergeAttr
FNDA:7,assureUnique
FNDA:7,merge
FNDA:1,assureUID
FNDA:7,connectedCallback
FNDA:0,get
FNDA:7,connectedCallback
FNDA:7,createXmlNode
FNDA:7,applySlices
FNDA:4,onSlice
FNDA:7,transform
FNDA:4,changeCb
FNDA:4,hasInitValue
FNDA:0,get dce
FNDA:7,get templateNode
FNDA:0,get dce
FNDA:0,get xslt
FNDA:2,createXmlNode
FNDA:1,dom
FNDA:1,xhr.onload
DA:1,7
DA:2,7
DA:3,7
DA:4,7
DA:5,7
DA:6,7
DA:7,7
DA:8,7
DA:9,7
DA:10,7
DA:11,7
DA:12,7
DA:13,7
DA:14,7
DA:15,7
DA:16,7
DA:17,4
DA:18,4
DA:19,4
DA:20,4
DA:21,4
DA:22,7
DA:23,7
DA:24,7
DA:25,7
DA:26,7
DA:27,7
DA:28,0
DA:29,7
DA:30,7
DA:31,7
DA:32,7
DA:33,7
DA:34,7
DA:35,7
DA:36,7
DA:37,7
DA:38,7
DA:39,7
DA:40,7
DA:41,7
DA:42,7
DA:43,4
DA:44,4
DA:45,4
DA:46,4
DA:47,4
DA:48,4
DA:49,4
DA:50,4
DA:51,4
DA:52,4
DA:53,7
DA:54,7
DA:55,3
DA:56,3
DA:57,3
DA:58,3
DA:59,3
DA:60,3
DA:61,3
DA:62,3
DA:63,3
DA:64,2
DA:65,2
DA:66,3
DA:67,3
DA:68,3
DA:69,3
DA:70,3
DA:71,3
DA:72,3
DA:73,3
DA:74,3
DA:75,3
DA:76,3
DA:77,3
DA:78,3
DA:79,3
DA:80,3
DA:81,0
DA:82,3
DA:83,3
DA:84,7
DA:85,7
DA:86,7
DA:87,7
DA:88,7
DA:89,7
DA:90,7
DA:91,7
DA:92,7
DA:93,7
DA:94,7
DA:95,7
DA:96,1
DA:97,1
DA:98,1
DA:99,1
DA:100,1
DA:101,1
DA:102,7
DA:103,7
DA:104,7
DA:105,7
DA:106,7
DA:107,7
DA:108,7
DA:109,7
DA:110,7
DA:111,7
DA:112,7
DA:113,7
DA:114,7
DA:115,7
DA:116,7
DA:117,7
DA:118,7
DA:119,7
DA:120,7
DA:121,7
DA:122,7
DA:123,7
DA:124,7
DA:125,7
DA:126,7
DA:127,7
DA:128,7
DA:129,7
DA:130,7
DA:131,7
DA:132,7
DA:133,7
DA:134,7
DA:135,7
DA:136,7
DA:137,7
DA:138,7
DA:139,7
DA:140,7
DA:141,7
DA:142,7
DA:143,7
DA:144,7
DA:145,7
DA:146,7
DA:147,7
DA:148,7
DA:149,7
DA:150,7
DA:151,7
DA:152,5
DA:153,5
DA:154,5
DA:155,7
DA:156,7
DA:157,7
DA:158,7
DA:159,7
DA:160,7
DA:161,7
DA:162,7
DA:163,7
DA:164,7
DA:165,7
DA:166,7
DA:167,7
DA:168,7
DA:169,7
DA:170,7
DA:171,7
DA:172,7
DA:173,7
DA:174,7
DA:175,7
DA:176,7
DA:177,7
DA:178,7
DA:179,7
DA:180,7
DA:181,7
DA:182,7
DA:183,7
DA:184,7
DA:185,7
DA:186,7
DA:187,7
DA:188,7
DA:189,7
DA:190,7
DA:191,7
DA:192,7
DA:193,7
DA:194,7
DA:195,7
DA:196,7
DA:197,7
DA:198,7
DA:199,7
DA:200,7
DA:201,7
DA:202,7
DA:203,7
DA:204,7
DA:205,7
DA:206,7
DA:207,3
DA:208,3
DA:209,3
DA:210,3
DA:211,3
DA:212,3
DA:213,3
DA:214,7
DA:215,7
DA:216,7
DA:217,7
DA:218,7
DA:219,7
DA:220,1
DA:221,1
DA:222,1
DA:223,1
DA:224,1
DA:225,1
DA:226,1
DA:227,1
DA:228,1
DA:229,1
DA:230,1
DA:231,1
DA:232,1
DA:233,1
DA:234,1
DA:235,1
DA:236,1
DA:237,1
DA:238,7
DA:239,4
DA:240,4
DA:241,4
DA:242,4
DA:243,4
DA:244,4
DA:245,4
DA:246,4
DA:247,3
DA:248,3
DA:249,3
DA:250,3
DA:251,2
DA:252,4
DA:253,7
DA:254,7
DA:255,4
DA:256,4
DA:257,4
DA:258,4
DA:259,4
DA:260,4
DA:261,4
DA:262,4
DA:263,4
DA:264,4
DA:265,4
DA:266,7
DA:267,7
DA:268,7
DA:269,7
DA:270,7
DA:271,7
DA:272,7
DA:273,7
DA:274,7
DA:275,7
DA:276,1
DA:277,1
DA:278,1
DA:279,1
DA:280,1
DA:281,1
DA:282,0
DA:283,0
DA:284,1
DA:285,1
DA:286,1
DA:287,1
DA:288,1
DA:289,1
DA:290,1
DA:291,1
DA:292,1
DA:293,0
DA:294,0
DA:295,1
DA:296,1
DA:297,7
DA:298,7
DA:299,4
DA:300,4
DA:301,0
DA:302,0
DA:303,0
DA:304,4
DA:305,4
DA:306,4
DA:307,7
DA:308,7
DA:309,7
DA:310,7
DA:311,7
DA:312,7
DA:313,7
DA:314,7
DA:315,7
DA:316,7
DA:317,7
DA:318,7
DA:319,7
DA:320,7
DA:321,6
DA:322,6
DA:323,6
DA:324,6
DA:325,7
DA:326,7
DA:327,7
DA:328,7
DA:329,7
DA:330,7
DA:331,7
DA:332,7
DA:333,4
DA:334,4
DA:335,4
DA:336,4
DA:337,4
DA:338,4
DA:339,7
DA:340,7
DA:341,7
DA:342,7
DA:343,7
DA:344,4
DA:345,4
DA:346,4
DA:347,4
DA:348,4
DA:349,4
DA:350,4
DA:351,7
DA:352,7
DA:353,7
DA:354,7
DA:355,7
DA:356,1
DA:357,1
DA:358,1
DA:359,1
DA:360,7
DA:361,7
DA:362,7
DA:363,7
DA:364,7
DA:365,7
DA:366,7
DA:367,7
DA:368,7
DA:369,7
DA:370,7
DA:371,2
DA:372,2
DA:373,2
DA:374,2
DA:375,7
DA:376,7
DA:377,7
DA:378,7
DA:379,7
DA:380,7
DA:381,7
DA:382,7
DA:383,7
DA:384,7
DA:385,7
DA:386,7
DA:387,7
DA:388,1
DA:389,1
DA:390,1
DA:391,1
DA:392,1
DA:393,1
DA:394,1
DA:395,1
DA:396,1
DA:397,1
DA:398,1
DA:399,1
DA:400,1
DA:401,1
DA:402,7
DA:403,7
DA:404,7
DA:405,7
DA:406,7
DA:407,7
DA:408,7
DA:409,7
DA:410,7
DA:411,7
DA:412,7
DA:413,7
DA:414,7
DA:415,7
DA:416,7
DA:417,7
DA:418,7
DA:419,7
DA:420,7
DA:421,4
DA:422,4
DA:423,4
DA:424,4
DA:425,4
DA:426,7
DA:427,7
DA:428,7
DA:429,7
DA:430,7
DA:431,4
DA:432,4
DA:433,4
DA:434,4
DA:435,4
DA:436,4
DA:437,4
DA:438,4
DA:439,4
DA:440,4
DA:441,4
DA:442,7
DA:443,7
DA:444,7
DA:445,7
DA:446,7
DA:447,7
DA:448,7
DA:449,7
DA:450,7
DA:451,7
DA:452,7
DA:453,7
DA:454,7
DA:455,7
DA:456,7
DA:457,7
DA:458,7
DA:459,7
DA:460,7
DA:461,4
DA:462,4
DA:463,4
DA:464,4
DA:465,4
DA:466,4
DA:467,7
DA:468,7
DA:469,7
DA:470,7
DA:471,7
DA:472,7
DA:473,7
DA:474,7
DA:475,7
DA:476,2
DA:477,2
DA:478,2
DA:479,2
DA:480,2
DA:481,2
DA:482,2
DA:483,2
DA:484,7
DA:485,7
DA:486,7
DA:487,7
DA:488,7
DA:489,7
DA:490,7
DA:491,7
DA:492,7
LF:492
LH:483
BRDA:1,0,0,178
BRDA:8,1,0,7
BRDA:10,2,0,19
BRDA:10,3,0,19
BRDA:11,4,0,13
BRDA:11,5,0,13
BRDA:13,6,0,7
BRDA:14,7,0,7
BRDA:22,8,0,7
BRDA:30,9,0,7
BRDA:32,10,0,7
BRDA:33,11,0,7
BRDA:38,12,0,7
BRDA:42,13,0,7
BRDA:84,14,0,7
BRDA:87,15,0,13
BRDA:87,16,0,7
BRDA:87,17,0,13
BRDA:89,18,0,0
BRDA:93,19,0,13
BRDA:93,20,0,13
BRDA:120,21,0,7
BRDA:123,22,0,1
BRDA:124,23,0,1
BRDA:197,24,0,0
BRDA:140,25,0,17
BRDA:143,26,0,5
BRDA:155,27,0,5
BRDA:155,28,0,5
BRDA:144,29,0,7
BRDA:152,30,0,5
BRDA:194,31,0,7
BRDA:206,32,0,7
BRDA:209,33,0,5
BRDA:215,34,0,7
BRDA:267,35,0,7
BRDA:272,36,0,7
BRDA:274,37,0,1
BRDA:276,38,0,1
BRDA:277,39,0,1
BRDA:307,40,0,15
BRDA:328,41,0,7
BRDA:332,42,0,4
BRDA:341,43,0,4
BRDA:343,44,0,7
BRDA:355,45,0,7
BRDA:363,46,0,13
BRDA:367,47,0,2
BRDA:370,48,0,1
BRDA:476,49,0,6
BRDA:370,50,0,7
BRDA:372,51,0,5
BRDA:376,52,0,7
BRDA:377,53,0,7
BRDA:385,54,0,39
BRDA:403,55,0,13
BRDA:403,56,0,13
BRDA:410,57,0,7
BRDA:411,58,0,7
BRDA:416,59,0,7
BRDA:420,60,0,11
BRDA:426,61,0,4
BRDA:443,62,0,31
BRDA:445,63,0,7
BRDA:448,64,0,0
BRDA:451,65,0,7
BRDA:453,66,0,0
BRDA:485,67,0,19
BRDA:485,68,0,19
BRDA:387,69,0,39
BRDA:9,70,0,178
BRDA:10,71,0,19
BRDA:16,72,0,178
BRDA:95,73,0,7
BRDA:151,74,0,17
BRDA:238,75,0,178
BRDA:242,76,0,178
BRDA:244,77,0,178
BRDA:244,78,0,178
BRDA:245,79,0,178
BRDA:247,80,0,178
BRDA:254,81,0,178
BRDA:261,82,0,178
BRDA:258,83,0,178
BRDA:258,84,0,178
BRDA:258,85,0,178
BRDA:262,86,0,178
BRDA:262,87,0,178
BRDA:298,88,0,178
BRDA:300,89,0,178
BRDA:305,90,0,178
BRDA:317,91,0,15
BRDA:320,92,0,15
BRDA:335,93,0,4
BRDA:337,94,0,4
BRDA:382,95,0,13
BRDA:405,96,0,3
BRDA:412,97,0,39
BRDA:422,98,0,11
BRDA:423,99,0,11
BRDA:430,100,0,39
BRDA:431,101,0,39
BRDA:434,102,0,39
BRDA:433,103,0,39
BRDA:438,104,0,39
BRDA:457,105,0,31
BRDA:458,106,0,31
BRDA:460,107,0,31
BRDA:463,108,0,31
BRDA:480,109,0,6
BRDA:481,110,0,6
BRDA:485,111,0,19
BRDA:54,112,0,178
BRDA:58,113,0,178
BRDA:63,114,0,178
BRDA:66,115,0,178
BRDA:80,116,0,178
BRDA:64,117,0,178
BRDA:250,118,0,178
BRDA:260,119,0,178
BRDA:345,120,0,7
BRDA:386,121,0,39
BRDA:423,122,0,11
BRDA:63,123,0,178
BRDA:72,124,0,178
BRDA:78,125,0,178
BRDA:249,126,0,178
BRDA:251,127,0,178
BRDA:142,128,0,17
BRDA:219,129,0,178
BRDA:222,130,0,178
BRDA:227,131,0,178
BRDA:229,132,0,178
BRDA:293,133,0,1
BRDA:278,134,0,1
BRDA:282,135,0,1
BRF:136
BRH:132
end_of_record
TN:
SF:src\http-request.js
FN:1,attr
FN:5,get observedAttributes
FN:14,get requestHeaders
FN:19,get requestProps
FN:25,disconnectedCallback
FN:27,connectedCallback
FN:29,_destroy
FN:34,update
FNF:8
FNH:7
FNDA:1,attr
FNDA:0,get observedAttributes
FNDA:1,get requestHeaders
FNDA:1,get requestProps
FNDA:1,disconnectedCallback
FNDA:1,connectedCallback
FNDA:1,_destroy
FNDA:1,update
DA:1,1
DA:2,1
DA:3,1
DA:4,1
DA:5,1
DA:6,0
DA:7,0
DA:8,0
DA:9,0
DA:10,0
DA:11,0
DA:12,0
DA:13,1
DA:14,1
DA:15,1
DA:16,1
DA:17,1
DA:18,1
DA:19,1
DA:20,1
DA:21,1
DA:22,1
DA:23,1
DA:24,1
DA:25,1
DA:26,1
DA:27,1
DA:28,1
DA:29,1
DA:30,1
DA:31,1
DA:32,1
DA:33,1
DA:34,1
DA:35,1
DA:36,1
DA:37,1
DA:38,1
DA:39,1
DA:40,1
DA:41,1
DA:42,1
DA:43,1
DA:44,1
DA:45,1
DA:46,1
DA:47,1
DA:48,1
DA:49,1
DA:50,1
DA:51,1
DA:52,1
LF:52
LH:45
BRDA:1,0,0,1
BRDA:1,1,0,1
BRDA:14,2,0,1
BRDA:16,3,0,1
BRDA:16,4,0,1
BRDA:19,5,0,1
BRDA:21,6,0,1
BRDA:21,7,0,1
BRDA:25,8,0,1
BRDA:27,9,0,1
BRDA:31,10,0,0
BRDA:29,11,0,1
BRDA:34,12,0,1
BRDA:36,13,0,1
BRDA:40,14,0,1
BRDA:41,15,0,1
BRF:16
BRH:15
end_of_record
TN:
SF:src\local-storage.js
FN:1,string2value
FN:12,localStorageSetItem
FN:18,get observedAttributes
FN:27,connectedCallback
FN:29,attr
FN:30,fromStorage
FN:41,listener
FN:43,_destroy
FN:46,disconnectedCallback
FNF:9
FNH:8
FNDA:1,string2value
FNDA:1,localStorageSetItem
FNDA:0,get observedAttributes
FNDA:1,connectedCallback
FNDA:1,attr
FNDA:1,fromStorage
FNDA:1,listener
FNDA:1,_destroy
FNDA:1,disconnectedCallback
DA:1,1
DA:2,1
DA:3,1
DA:4,1
DA:5,1
DA:6,1
DA:7,1
DA:8,1
DA:9,1
DA:10,1
DA:11,1
DA:12,1
DA:13,1
DA:14,1
DA:15,1
DA:16,1
DA:17,1
DA:18,1
DA:19,0
DA:20,0
DA:21,0
DA:22,0
DA:23,0
DA:24,0
DA:25,0
DA:26,1
DA:27,1
DA:28,1
DA:29,1
DA:30,1
DA:31,1
DA:32,1
DA:33,1
DA:34,1
DA:35,1
DA:36,1
DA:37,1
DA:38,1
DA:39,1
DA:40,1
DA:41,1
DA:42,1
DA:43,1
DA:44,1
DA:45,1
DA:46,1
DA:47,1
DA:48,1
DA:49,1
DA:50,1
LF:50
LH:43
BRDA:1,0,0,1
BRDA:1,1,0,1
BRDA:3,2,0,0
BRDA:9,3,0,0
BRDA:9,4,0,0
BRDA:12,5,0,1
BRDA:27,6,0,1
BRDA:36,7,0,0
BRDA:29,8,0,1
BRDA:30,9,0,1
BRDA:41,10,0,1
BRDA:43,11,0,1
BRDA:46,12,0,1
BRF:13
BRH:9
end_of_record
TN:
SF:src\location-element.js
FN:1,attr
FN:5,get observedAttributes
FN:13,LocationElement
FN:17,listener
FN:18,propagateSlice
FN:35,LocationElement.sliceInit
FN:45,LocationElement._destroy
FN:57,connectedCallback
FN:58,disconnectedCallback
FNF:9
FNH:8
FNDA:1,attr
FNDA:0,get observedAttributes
FNDA:1,LocationElement
FNDA:1,listener
FNDA:1,propagateSlice
FNDA:1,LocationElement.sliceInit
FNDA:1,LocationElement._destroy
FNDA:1,connectedCallback
FNDA:1,disconnectedCallback
DA:1,1
DA:2,1
DA:3,1
DA:4,1
DA:5,1
DA:6,0
DA:7,0
DA:8,0
DA:9,0
DA:10,0
DA:11,0
DA:12,1
DA:13,1
DA:14,1
DA:15,1
DA:16,1
DA:17,1
DA:18,1
DA:19,1
DA:20,1
DA:21,1
DA:22,1
DA:23,1
DA:24,1
DA:25,1
DA:26,1
DA:27,1
DA:28,1
DA:29,1
DA:30,1
DA:31,1
DA:32,1
DA:33,1
DA:34,1
DA:35,1
DA:36,1
DA:37,1
DA:38,1
DA:39,1
DA:40,1
DA:41,1
DA:42,1
DA:43,1
DA:44,1
DA:45,1
DA:46,1
DA:47,1
DA:48,1
DA:49,1
DA:50,1
DA:51,1
DA:52,1
DA:53,1
DA:54,1
DA:55,1
DA:56,1
DA:57,1
DA:58,1
DA:59,1
DA:60,1
DA:61,1
DA:62,1
LF:62
LH:56
BRDA:1,0,0,1
BRDA:1,1,0,1
BRDA:13,2,0,1
BRDA:17,3,0,1
BRDA:18,4,0,1
BRDA:35,5,0,1
BRDA:45,6,0,1
BRDA:57,7,0,1
BRDA:58,8,0,1
BRF:9
BRH:9
end_of_record
TN:
SF:src\mocks\browser.js
FNF:0
FNH:0
DA:1,1
DA:2,1
DA:3,1
DA:4,1
DA:5,1
DA:6,1
DA:7,1
LF:7
LH:7
BRDA:1,0,0,1
BRF:1
BRH:1
end_of_record
TN:
SF:src\mocks\handlers.js
FNF:0
FNH:0
DA:1,1
DA:2,1
DA:3,1
DA:4,1
DA:5,1
DA:6,1
DA:7,1
DA:8,1
DA:9,1
DA:10,1
DA:11,1
DA:12,0
DA:13,1
DA:14,1
DA:15,1
DA:16,1
DA:17,1
DA:18,1
DA:19,1
DA:20,1
DA:21,1
LF:21
LH:20
BRDA:1,0,0,1
BRDA:6,1,0,1
BRDA:10,2,0,1
BRDA:11,3,0,1
BRDA:15,4,0,1
BRDA:17,5,0,1
BRF:6
BRH:6
end_of_record
TN:
SF:src\mocks\msw.js
FN:1,msw
FN:6,s.onload
FNF:2
FNH:2
FNDA:1,msw
FNDA:1,s.onload
DA:1,1
DA:2,1
DA:3,1
DA:4,1
DA:5,1
DA:6,1
DA:7,1
DA:8,1
DA:9,1
DA:10,1
DA:11,1
DA:12,1
DA:13,1
DA:14,1
DA:15,1
DA:16,1
DA:17,1
DA:18,1
DA:19,1
DA:20,1
DA:21,1
DA:22,1
DA:23,1
DA:24,1
DA:25,1
DA:26,1
DA:27,1
DA:28,1
DA:29,1
DA:30,1
DA:31,1
DA:32,1
LF:32
LH:32
BRDA:1,0,0,1
BRDA:1,1,0,1
BRDA:3,2,0,1
BRDA:6,3,0,1
BRF:4
BRH:4
end_of_record
TN:
SF:stories\css-scoping.stories.js
FN:13,Template
FNF:1
FNH:1
FNDA:1,Template
DA:1,1
DA:2,1
DA:3,1
DA:4,1
DA:5,1
DA:6,1
DA:7,1
DA:8,1
DA:9,1
DA:10,1
DA:11,1
DA:12,1
DA:13,1
DA:14,1
DA:15,1
DA:16,1
DA:17,1
DA:18,1
DA:19,1
DA:20,1
DA:21,1
DA:22,1
DA:23,1
DA:24,1
DA:25,1
DA:26,1
DA:27,1
DA:28,1
DA:29,1
DA:30,1
DA:31,1
DA:32,1
DA:33,1
DA:34,1
DA:35,1
DA:36,1
DA:37,1
DA:38,1
DA:39,1
DA:40,1
DA:41,1
DA:42,1
DA:43,1
DA:44,1
DA:45,1
DA:46,1
DA:47,1
DA:48,1
DA:49,1
DA:50,1
DA:51,1
DA:52,1
DA:53,1
DA:54,1
DA:55,1
DA:56,1
DA:57,1
DA:58,1
LF:58
LH:58
BRDA:1,0,0,1
BRDA:13,1,0,1
BRF:2
BRH:2
end_of_record
TN:
SF:stories\dom-merge.stories.js
FN:13,Template
FNF:1
FNH:1
FNDA:1,Template
DA:1,1
DA:2,1
DA:3,1
DA:4,1
DA:5,1
DA:6,1
DA:7,1
DA:8,1
DA:9,1
DA:10,1
DA:11,1
DA:12,1
DA:13,1
DA:14,1
DA:15,1
DA:16,1
DA:17,1
DA:18,1
DA:19,1
DA:20,1
DA:21,1
DA:22,1
DA:23,1
DA:24,1
DA:25,1
DA:26,1
DA:27,1
DA:28,1
DA:29,1
DA:30,1
DA:31,1
DA:32,1
DA:33,1
DA:34,1
DA:35,1
DA:36,1
DA:37,1
DA:38,1
DA:39,1
DA:40,1
DA:41,1
DA:42,1
DA:43,1
DA:44,1
DA:45,1
DA:46,1
DA:47,1
DA:48,1
DA:49,1
DA:50,1
DA:51,1
DA:52,1
DA:53,1
LF:53
LH:53
BRDA:1,0,0,1
BRDA:13,1,0,1
BRF:2
BRH:2
end_of_record
TN:
SF:stories\http-request.stories.js
FN:14,Template
FN:51,LifecycleInitialized
FN:87,RequestResponceHeaders
FNF:3
FNH:3
FNDA:1,Template
FNDA:1,LifecycleInitialized
FNDA:1,RequestResponceHeaders
DA:1,1
DA:2,1
DA:3,1
DA:4,1
DA:5,1
DA:6,1
DA:7,1
DA:8,1
DA:9,1
DA:10,1
DA:11,1
DA:12,1
DA:13,1
DA:14,1
DA:15,1
DA:16,1
DA:17,1
DA:18,1
DA:19,1
DA:20,1
DA:21,1
DA:22,1
DA:23,1
DA:24,1
DA:25,1
DA:26,1
DA:27,1
DA:28,1
DA:29,1
DA:30,1
DA:31,1
DA:32,1
DA:33,1
DA:34,1
DA:35,1
DA:36,1
DA:37,1
DA:38,1
DA:39,1
DA:40,1
DA:41,1
DA:42,1
DA:43,1
DA:44,1
DA:45,1
DA:46,1
DA:47,1
DA:48,1
DA:49,1
DA:50,1
DA:51,1
DA:52,1
DA:53,1
DA:54,1
DA:55,1
DA:56,1
DA:57,1
DA:58,1
DA:59,1
DA:60,1
DA:61,1
DA:62,1
DA:63,1
DA:64,1
DA:65,1
DA:66,1
DA:67,1
DA:68,1
DA:69,1
DA:70,1
DA:71,1
DA:72,1
DA:73,1
DA:74,1
DA:75,1
DA:76,1
DA:77,1
DA:78,1
DA:79,1
DA:80,1
DA:81,1
DA:82,1
DA:83,1
DA:84,1
DA:85,1
DA:86,1
DA:87,1
DA:88,1
DA:89,1
DA:90,1
DA:91,1
DA:92,1
DA:93,1
DA:94,1
DA:95,1
DA:96,1
DA:97,1
DA:98,1
DA:99,1
DA:100,1
DA:101,1
DA:102,1
DA:103,1
DA:104,1
DA:105,1
DA:106,1
DA:107,1
DA:108,1
DA:109,1
DA:110,1
DA:111,1
DA:112,1
DA:113,1
DA:114,1
DA:115,1
DA:116,1
DA:117,1
DA:118,1
DA:119,1
DA:120,1
DA:121,1
DA:122,1
DA:123,1
DA:124,1
DA:125,1
DA:126,1
DA:127,1
DA:128,1
DA:129,1
DA:130,1
DA:131,1
DA:132,1
DA:133,1
DA:134,1
DA:135,1
DA:136,1
DA:137,1
DA:138,1
DA:139,1
DA:140,1
DA:141,1
DA:142,1
DA:143,1
DA:144,1
DA:145,1
DA:146,1
DA:147,1
DA:148,1
DA:149,1
DA:150,1
LF:150
LH:150
BRDA:1,0,0,1
BRDA:14,1,0,1
BRDA:51,2,0,1
BRDA:87,3,0,1
BRF:4
BRH:4
end_of_record
TN:
SF:stories\local-storage.stories.js
FN:19,Template
FNF:1
FNH:1
FNDA:1,Template
DA:1,1
DA:2,1
DA:3,1
DA:4,1
DA:5,1
DA:6,1
DA:7,1
DA:8,1
DA:9,1
DA:10,1
DA:11,1
DA:12,1
DA:13,1
DA:14,1
DA:15,1
DA:16,1
DA:17,1
DA:18,1
DA:19,1
DA:20,1
DA:21,1
DA:22,1
DA:23,1
DA:24,1
DA:25,1
DA:26,1
DA:27,1
DA:28,1
DA:29,1
DA:30,1
DA:31,1
DA:32,1
DA:33,1
DA:34,1
DA:35,1
DA:36,1
DA:37,1
DA:38,1
DA:39,1
DA:40,1
DA:41,1
DA:42,1
DA:43,1
DA:44,1
DA:45,1
DA:46,1
DA:47,1
DA:48,1
DA:49,1
DA:50,1
DA:51,1
DA:52,1
DA:53,1
DA:54,1
DA:55,1
DA:56,1
DA:57,1
DA:58,1
DA:59,1
DA:60,1
DA:61,1
DA:62,1
DA:63,1
DA:64,1
DA:65,1
DA:66,1
LF:66
LH:66
BRDA:1,0,0,1
BRDA:19,1,0,1
BRF:2
BRH:2
end_of_record
TN:
SF:stories\location-element.stories.js
FN:16,Template
FNF:1
FNH:1
FNDA:1,Template
DA:1,1
DA:2,1
DA:3,1
DA:4,1
DA:5,1
DA:6,1
DA:7,1
DA:8,1
DA:9,1
DA:10,1
DA:11,1
DA:12,1
DA:13,1
DA:14,1
DA:15,1
DA:16,1
DA:17,1
DA:18,1
DA:19,1
DA:20,1
DA:21,1
DA:22,1
DA:23,1
DA:24,1
DA:25,1
DA:26,1
DA:27,1
DA:28,1
DA:29,1
DA:30,1
DA:31,1
DA:32,1
DA:33,1
DA:34,1
DA:35,1
DA:36,1
DA:37,1
DA:38,1
DA:39,1
DA:40,1
DA:41,1
DA:42,1
DA:43,1
DA:44,1
DA:45,1
DA:46,1
DA:47,1
DA:48,1
DA:49,1
DA:50,1
DA:51,1
DA:52,1
DA:53,1
DA:54,1
DA:55,1
DA:56,1
DA:57,1
DA:58,1
DA:59,1
DA:60,1
DA:61,1
DA:62,1
DA:63,1
DA:64,1
DA:65,1
DA:66,1
DA:67,1
DA:68,1
DA:69,1
DA:70,1
DA:71,1
DA:72,1
DA:73,1
DA:74,1
DA:75,1
DA:76,1
DA:77,1
DA:78,1
DA:79,1
DA:80,1
DA:81,1
LF:81
LH:81
BRDA:1,0,0,1
BRDA:16,1,0,1
BRF:2
BRH:2
end_of_record
TN:
SF:stories\playground.stories.js
FN:13,Template
FNF:1
FNH:1
FNDA:1,Template
DA:1,1
DA:2,1
DA:3,1
DA:4,1
DA:5,1
DA:6,1
DA:7,1
DA:8,1
DA:9,1
DA:10,1
DA:11,1
DA:12,1
DA:13,1
DA:14,1
DA:15,1
DA:16,1
DA:17,1
DA:18,1
DA:19,1
DA:20,1
DA:21,1
DA:22,1
DA:23,1
DA:24,1
DA:25,1
DA:26,1
DA:27,1
DA:28,1
DA:29,1
DA:30,1
DA:31,1
DA:32,1
DA:33,1
DA:34,1
DA:35,1
DA:36,1
DA:37,1
DA:38,1
DA:39,1
DA:40,1
DA:41,1
DA:42,1
DA:43,1
DA:44,1
DA:45,1
DA:46,1
DA:47,1
DA:48,1
DA:49,1
DA:50,1
DA:51,1
DA:52,1
DA:53,1
DA:54,1
DA:55,1
DA:56,1
DA:57,1
DA:58,1
DA:59,1
DA:60,1
DA:61,1
DA:62,1
DA:63,1
DA:64,1
DA:65,1
DA:66,1
DA:67,1
DA:68,1
DA:69,1
DA:70,1
DA:71,1
DA:72,1
DA:73,1
DA:74,1
DA:75,1
DA:76,1
DA:77,1
DA:78,1
DA:79,1
DA:80,1
DA:81,1
DA:82,1
DA:83,1
DA:84,1
DA:85,1
DA:86,1
DA:87,1
DA:88,1
DA:89,1
DA:90,1
DA:91,1
DA:92,1
DA:93,1
DA:94,1
DA:95,1
DA:96,1
DA:97,1
DA:98,1
DA:99,1
DA:100,1
DA:101,1
DA:102,1
DA:103,1
DA:104,1
DA:105,1
DA:106,1
DA:107,1
DA:108,1
DA:109,1
DA:110,1
DA:111,1
DA:112,1
DA:113,1
DA:114,1
DA:115,1
DA:116,1
DA:117,1
LF:117
LH:117
BRDA:1,0,0,1
BRDA:13,1,0,1
BRF:2
BRH:2
end_of_record
TN:
SF:stories\pokemons.mock.js
FNF:0
FNH:0
DA:1,1
DA:2,1
DA:3,1
DA:4,1
DA:5,1
DA:6,1
DA:7,1
DA:8,1
DA:9,1
DA:10,1
DA:11,1
DA:12,1
DA:13,1
LF:13
LH:13
BRDA:1,0,0,1
BRF:1
BRH:1
end_of_record
TN:
SF:stories\src-attribute.stories.js
FN:13,Template
FNF:1
FNH:1
FNDA:1,Template
DA:1,1
DA:2,1
DA:3,1
DA:4,1
DA:5,1
DA:6,1
DA:7,1
DA:8,1
DA:9,1
DA:10,1
DA:11,1
DA:12,1
DA:13,1
DA:14,1
DA:15,1
DA:16,1
DA:17,1
DA:18,1
DA:19,1
DA:20,1
DA:21,1
DA:22,1
DA:23,1
DA:24,1
DA:25,1
DA:26,1
DA:27,1
DA:28,1
DA:29,1
DA:30,1
DA:31,1
DA:32,1
DA:33,1
DA:34,1
DA:35,1
DA:36,1
DA:37,1
DA:38,1
DA:39,1
DA:40,1
DA:41,1
DA:42,1
DA:43,1
DA:44,1
DA:45,1
DA:46,1
DA:47,1
DA:48,1
DA:49,1
DA:50,1
DA:51,1
DA:52,1
DA:53,1
DA:54,1
DA:55,1
DA:56,1
DA:57,1
DA:58,1
DA:59,1
DA:60,1
DA:61,1
DA:62,1
DA:63,1
DA:64,1
DA:65,1
DA:66,1
DA:67,1
DA:68,1
DA:69,1
DA:70,1
DA:71,1
DA:72,1
DA:73,1
DA:74,1
DA:75,1
DA:76,1
DA:77,1
DA:78,1
DA:79,1
DA:80,1
DA:81,1
DA:82,1
DA:83,1
DA:84,1
DA:85,1
DA:86,1
DA:87,1
DA:88,1
DA:89,1
DA:90,1
DA:91,1
DA:92,1
DA:93,1
DA:94,1
DA:95,1
DA:96,1
DA:97,1
DA:98,1
DA:99,1
DA:100,1
DA:101,1
DA:102,1
DA:103,1
DA:104,1
DA:105,1
DA:106,1
DA:107,1
DA:108,1
DA:109,1
DA:110,1
DA:111,1
DA:112,1
DA:113,1
DA:114,1
DA:115,1
DA:116,1
DA:117,1
DA:118,1
LF:118
LH:118
BRDA:1,0,0,1
BRDA:13,1,0,1
BRF:2
BRH:2
end_of_record
