TN:
SF:src\custom-element.js
FN:8,attr
FN:9,isText
FN:10,create
FN:11,createText
FN:12,createNS
FN:13,xslNs
FN:14,xslHtmlNs
FN:16,ASSERT
FN:22,xml2dom
FN:27,xmlString
FN:30,injectData
FN:32,create
FN:33,inject
FN:42,assureSlot
FN:54,Json2Xml
FN:84,tagUid
FN:93,txt
FN:120,createXsltFromDom
FN:144,asXmlNode
FN:187,$
FN:199,slot2xsl
FN:212,xhrTemplate
FN:231,deepEqual
FN:247,injectSlice
FN:260,forEach$
FN:264,getByHashId
FN:265,loadTemplateRoots
FN:291,mergeAttr
FN:300,assureUnique
FN:321,merge
FN:348,assureUID
FN:356,connectedCallback
FN:372,get
FN:378,connectedCallback
FN:396,createXmlNode
FN:409,applySlices
FN:423,onSlice
FN:436,transform
FN:450,changeCb
FN:451,hasInitValue
FN:465,get dce
FN:478,get templateNode
FN:479,get dce
FN:481,get xslt
FN:251,createXmlNode
FN:215,dom
FN:220,xhr.onload
FNF:47
FNH:40
FNDA:7,attr
FNDA:4,isText
FNDA:6,create
FNDA:7,createText
FNDA:0,createNS
FNDA:7,xslNs
FNDA:7,xslHtmlNs
FNDA:4,ASSERT
FNDA:7,xml2dom
FNDA:0,xmlString
FNDA:7,injectData
FNDA:7,create
FNDA:7,inject
FNDA:4,assureSlot
FNDA:3,Json2Xml
FNDA:7,tagUid
FNDA:7,txt
FNDA:7,createXsltFromDom
FNDA:7,asXmlNode
FNDA:7,$
FNDA:3,slot2xsl
FNDA:1,xhrTemplate
FNDA:4,deepEqual
FNDA:4,injectSlice
FNDA:7,forEach$
FNDA:0,getByHashId
FNDA:7,loadTemplateRoots
FNDA:4,mergeAttr
FNDA:7,assureUnique
FNDA:7,merge
FNDA:1,assureUID
FNDA:7,connectedCallback
FNDA:0,get
FNDA:7,connectedCallback
FNDA:7,createXmlNode
FNDA:7,applySlices
FNDA:4,onSlice
FNDA:7,transform
FNDA:4,changeCb
FNDA:4,hasInitValue
FNDA:0,get dce
FNDA:7,get templateNode
FNDA:0,get dce
FNDA:0,get xslt
FNDA:2,createXmlNode
FNDA:1,dom
FNDA:1,xhr.onload
DA:1,7
DA:2,7
DA:3,7
DA:4,7
DA:5,7
DA:6,7
DA:7,7
DA:8,7
DA:9,7
DA:10,7
DA:11,7
DA:12,7
DA:13,7
DA:14,7
DA:15,7
DA:16,7
DA:17,4
DA:18,4
DA:19,4
DA:20,4
DA:21,4
DA:22,7
DA:23,7
DA:24,7
DA:25,7
DA:26,7
DA:27,7
DA:28,0
DA:29,7
DA:30,7
DA:31,7
DA:32,7
DA:33,7
DA:34,7
DA:35,7
DA:36,7
DA:37,7
DA:38,7
DA:39,7
DA:40,7
DA:41,7
DA:42,7
DA:43,4
DA:44,4
DA:45,4
DA:46,4
DA:47,4
DA:48,4
DA:49,4
DA:50,4
DA:51,4
DA:52,4
DA:53,7
DA:54,7
DA:55,3
DA:56,3
DA:57,3
DA:58,3
DA:59,3
DA:60,3
DA:61,3
DA:62,3
DA:63,3
DA:64,2
DA:65,2
DA:66,3
DA:67,3
DA:68,3
DA:69,3
DA:70,3
DA:71,3
DA:72,3
DA:73,3
DA:74,3
DA:75,3
DA:76,3
DA:77,3
DA:78,3
DA:79,3
DA:80,3
DA:81,0
DA:82,3
DA:83,3
DA:84,7
DA:85,7
DA:86,7
DA:87,7
DA:88,7
DA:89,7
DA:90,7
DA:91,7
DA:92,7
DA:93,7
DA:94,7
DA:95,7
DA:96,1
DA:97,1
DA:98,1
DA:99,1
DA:100,1
DA:101,1
DA:102,7
DA:103,7
DA:104,7
DA:105,7
DA:106,7
DA:107,7
DA:108,7
DA:109,7
DA:110,7
DA:111,7
DA:112,7
DA:113,7
DA:114,7
DA:115,7
DA:116,7
DA:117,7
DA:118,7
DA:119,7
DA:120,7
DA:121,7
DA:122,7
DA:123,7
DA:124,7
DA:125,7
DA:126,7
DA:127,7
DA:128,7
DA:129,7
DA:130,7
DA:131,7
DA:132,7
DA:133,7
DA:134,7
DA:135,7
DA:136,7
DA:137,7
DA:138,7
DA:139,7
DA:140,7
DA:141,7
DA:142,7
DA:143,7
DA:144,7
DA:145,7
DA:146,7
DA:147,5
DA:148,5
DA:149,5
DA:150,7
DA:151,7
DA:152,7
DA:153,7
DA:154,7
DA:155,7
DA:156,7
DA:157,7
DA:158,7
DA:159,7
DA:160,7
DA:161,7
DA:162,7
DA:163,7
DA:164,7
DA:165,7
DA:166,7
DA:167,7
DA:168,7
DA:169,7
DA:170,7
DA:171,7
DA:172,7
DA:173,7
DA:174,7
DA:175,7
DA:176,7
DA:177,7
DA:178,7
DA:179,7
DA:180,7
DA:181,7
DA:182,7
DA:183,7
DA:184,7
DA:185,7
DA:186,7
DA:187,7
DA:188,7
DA:189,7
DA:190,7
DA:191,7
DA:192,7
DA:193,7
DA:194,7
DA:195,7
DA:196,7
DA:197,7
DA:198,7
DA:199,7
DA:200,3
DA:201,3
DA:202,3
DA:203,3
DA:204,3
DA:205,3
DA:206,3
DA:207,7
DA:208,7
DA:209,7
DA:210,7
DA:211,7
DA:212,7
DA:213,1
DA:214,1
DA:215,1
DA:216,1
DA:217,1
DA:218,1
DA:219,1
DA:220,1
DA:221,1
DA:222,1
DA:223,1
DA:224,1
DA:225,1
DA:226,1
DA:227,1
DA:228,1
DA:229,1
DA:230,1
DA:231,7
DA:232,4
DA:233,4
DA:234,4
DA:235,4
DA:236,4
DA:237,4
DA:238,4
DA:239,4
DA:240,3
DA:241,3
DA:242,3
DA:243,3
DA:244,2
DA:245,4
DA:246,7
DA:247,7
DA:248,4
DA:249,4
DA:250,4
DA:251,4
DA:252,4
DA:253,4
DA:254,4
DA:255,4
DA:256,4
DA:257,4
DA:258,4
DA:259,7
DA:260,7
DA:261,7
DA:262,7
DA:263,7
DA:264,7
DA:265,7
DA:266,7
DA:267,7
DA:268,7
DA:269,1
DA:270,1
DA:271,1
DA:272,1
DA:273,1
DA:274,1
DA:275,0
DA:276,0
DA:277,1
DA:278,1
DA:279,1
DA:280,1
DA:281,1
DA:282,1
DA:283,1
DA:284,1
DA:285,1
DA:286,0
DA:287,0
DA:288,1
DA:289,1
DA:290,7
DA:291,7
DA:292,4
DA:293,4
DA:294,0
DA:295,0
DA:296,0
DA:297,4
DA:298,4
DA:299,4
DA:300,7
DA:301,7
DA:302,7
DA:303,7
DA:304,7
DA:305,7
DA:306,7
DA:307,7
DA:308,7
DA:309,7
DA:310,7
DA:311,7
DA:312,7
DA:313,7
DA:314,6
DA:315,6
DA:316,6
DA:317,6
DA:318,7
DA:319,7
DA:320,7
DA:321,7
DA:322,7
DA:323,7
DA:324,7
DA:325,7
DA:326,4
DA:327,4
DA:328,4
DA:329,4
DA:330,4
DA:331,4
DA:332,7
DA:333,7
DA:334,7
DA:335,7
DA:336,7
DA:337,4
DA:338,4
DA:339,4
DA:340,4
DA:341,4
DA:342,4
DA:343,4
DA:344,7
DA:345,7
DA:346,7
DA:347,7
DA:348,7
DA:349,1
DA:350,1
DA:351,1
DA:352,1
DA:353,7
DA:354,7
DA:355,7
DA:356,7
DA:357,7
DA:358,7
DA:359,7
DA:360,7
DA:361,7
DA:362,7
DA:363,7
DA:364,2
DA:365,2
DA:366,2
DA:367,2
DA:368,7
DA:369,7
DA:370,7
DA:371,7
DA:372,7
DA:373,7
DA:374,7
DA:375,7
DA:376,7
DA:377,7
DA:378,7
DA:379,7
DA:380,7
DA:381,1
DA:382,1
DA:383,1
DA:384,1
DA:385,1
DA:386,1
DA:387,1
DA:388,1
DA:389,1
DA:390,1
DA:391,1
DA:392,1
DA:393,1
DA:394,1
DA:395,7
DA:396,7
DA:397,7
DA:398,7
DA:399,7
DA:400,7
DA:401,7
DA:402,7
DA:403,7
DA:404,7
DA:405,7
DA:406,7
DA:407,7
DA:408,7
DA:409,7
DA:410,7
DA:411,7
DA:412,7
DA:413,7
DA:414,4
DA:415,4
DA:416,4
DA:417,4
DA:418,4
DA:419,7
DA:420,7
DA:421,7
DA:422,7
DA:423,7
DA:424,4
DA:425,4
DA:426,4
DA:427,4
DA:428,4
DA:429,4
DA:430,4
DA:431,4
DA:432,4
DA:433,4
DA:434,4
DA:435,7
DA:436,7
DA:437,7
DA:438,7
DA:439,7
DA:440,7
DA:441,7
DA:442,7
DA:443,7
DA:444,7
DA:445,7
DA:446,7
DA:447,7
DA:448,7
DA:449,7
DA:450,7
DA:451,7
DA:452,7
DA:453,7
DA:454,4
DA:455,4
DA:456,4
DA:457,4
DA:458,4
DA:459,4
DA:460,7
DA:461,7
DA:462,7
DA:463,7
DA:464,7
DA:465,7
DA:466,7
DA:467,7
DA:468,7
DA:469,2
DA:470,2
DA:471,2
DA:472,2
DA:473,2
DA:474,2
DA:475,2
DA:476,2
DA:477,7
DA:478,7
DA:479,7
DA:480,7
DA:481,7
DA:482,7
DA:483,7
DA:484,7
DA:485,7
LF:485
LH:476
BRDA:1,0,0,178
BRDA:8,1,0,7
BRDA:10,2,0,19
BRDA:10,3,0,19
BRDA:11,4,0,13
BRDA:11,5,0,13
BRDA:13,6,0,7
BRDA:14,7,0,7
BRDA:22,8,0,7
BRDA:30,9,0,7
BRDA:32,10,0,7
BRDA:33,11,0,7
BRDA:38,12,0,7
BRDA:42,13,0,7
BRDA:84,14,0,7
BRDA:87,15,0,13
BRDA:87,16,0,7
BRDA:87,17,0,13
BRDA:89,18,0,0
BRDA:93,19,0,13
BRDA:93,20,0,13
BRDA:120,21,0,7
BRDA:123,22,0,1
BRDA:124,23,0,1
BRDA:190,24,0,0
BRDA:140,25,0,17
BRDA:143,26,0,5
BRDA:150,27,0,5
BRDA:150,28,0,5
BRDA:144,29,0,7
BRDA:147,30,0,5
BRDA:187,31,0,7
BRDA:199,32,0,7
BRDA:202,33,0,5
BRDA:208,34,0,7
BRDA:260,35,0,7
BRDA:265,36,0,7
BRDA:267,37,0,1
BRDA:269,38,0,1
BRDA:270,39,0,1
BRDA:300,40,0,15
BRDA:321,41,0,7
BRDA:325,42,0,4
BRDA:334,43,0,4
BRDA:336,44,0,7
BRDA:348,45,0,7
BRDA:356,46,0,13
BRDA:360,47,0,2
BRDA:363,48,0,1
BRDA:469,49,0,6
BRDA:363,50,0,7
BRDA:365,51,0,5
BRDA:369,52,0,7
BRDA:370,53,0,7
BRDA:378,54,0,39
BRDA:396,55,0,13
BRDA:396,56,0,13
BRDA:403,57,0,7
BRDA:404,58,0,7
BRDA:409,59,0,7
BRDA:413,60,0,11
BRDA:419,61,0,4
BRDA:436,62,0,31
BRDA:438,63,0,7
BRDA:441,64,0,0
BRDA:444,65,0,7
BRDA:446,66,0,0
BRDA:478,67,0,19
BRDA:478,68,0,19
BRDA:380,69,0,39
BRDA:9,70,0,178
BRDA:10,71,0,19
BRDA:16,72,0,178
BRDA:95,73,0,7
BRDA:146,74,0,17
BRDA:231,75,0,178
BRDA:235,76,0,178
BRDA:237,77,0,178
BRDA:237,78,0,178
BRDA:238,79,0,178
BRDA:240,80,0,178
BRDA:247,81,0,178
BRDA:254,82,0,178
BRDA:251,83,0,178
BRDA:251,84,0,178
BRDA:251,85,0,178
BRDA:255,86,0,178
BRDA:255,87,0,178
BRDA:291,88,0,178
BRDA:293,89,0,178
BRDA:298,90,0,178
BRDA:310,91,0,15
BRDA:313,92,0,15
BRDA:328,93,0,4
BRDA:330,94,0,4
BRDA:375,95,0,13
BRDA:398,96,0,3
BRDA:405,97,0,39
BRDA:415,98,0,11
BRDA:416,99,0,11
BRDA:423,100,0,39
BRDA:424,101,0,39
BRDA:427,102,0,39
BRDA:426,103,0,39
BRDA:431,104,0,39
BRDA:450,105,0,31
BRDA:451,106,0,31
BRDA:453,107,0,31
BRDA:456,108,0,31
BRDA:473,109,0,6
BRDA:474,110,0,6
BRDA:478,111,0,19
BRDA:54,112,0,178
BRDA:58,113,0,178
BRDA:63,114,0,178
BRDA:66,115,0,178
BRDA:80,116,0,178
BRDA:64,117,0,178
BRDA:243,118,0,178
BRDA:253,119,0,178
BRDA:338,120,0,7
BRDA:379,121,0,39
BRDA:416,122,0,11
BRDA:63,123,0,178
BRDA:72,124,0,178
BRDA:78,125,0,178
BRDA:242,126,0,178
BRDA:244,127,0,178
BRDA:142,128,0,17
BRDA:212,129,0,178
BRDA:215,130,0,178
BRDA:220,131,0,178
BRDA:222,132,0,178
BRDA:286,133,0,1
BRDA:271,134,0,1
BRDA:275,135,0,1
BRF:136
BRH:132
end_of_record
TN:
SF:src\http-request.js
FN:1,attr
FN:5,get observedAttributes
FN:14,get requestHeaders
FN:19,get requestProps
FN:25,disconnectedCallback
FN:27,connectedCallback
FN:29,_destroy
FN:34,update
FNF:8
FNH:7
FNDA:1,attr
FNDA:0,get observedAttributes
FNDA:1,get requestHeaders
FNDA:1,get requestProps
FNDA:1,disconnectedCallback
FNDA:1,connectedCallback
FNDA:1,_destroy
FNDA:1,update
DA:1,1
DA:2,1
DA:3,1
DA:4,1
DA:5,1
DA:6,0
DA:7,0
DA:8,0
DA:9,0
DA:10,0
DA:11,0
DA:12,0
DA:13,1
DA:14,1
DA:15,1
DA:16,1
DA:17,1
DA:18,1
DA:19,1
DA:20,1
DA:21,1
DA:22,1
DA:23,1
DA:24,1
DA:25,1
DA:26,1
DA:27,1
DA:28,1
DA:29,1
DA:30,1
DA:31,1
DA:32,1
DA:33,1
DA:34,1
DA:35,1
DA:36,1
DA:37,1
DA:38,1
DA:39,1
DA:40,1
DA:41,1
DA:42,1
DA:43,1
DA:44,1
DA:45,1
DA:46,1
DA:47,1
DA:48,1
DA:49,1
DA:50,1
DA:51,1
DA:52,1
LF:52
LH:45
BRDA:1,0,0,1
BRDA:1,1,0,1
BRDA:14,2,0,1
BRDA:16,3,0,1
BRDA:16,4,0,1
BRDA:19,5,0,1
BRDA:21,6,0,1
BRDA:21,7,0,1
BRDA:25,8,0,1
BRDA:27,9,0,1
BRDA:31,10,0,0
BRDA:29,11,0,1
BRDA:34,12,0,1
BRDA:36,13,0,1
BRDA:40,14,0,1
BRDA:41,15,0,1
BRF:16
BRH:15
end_of_record
TN:
SF:src\local-storage.js
FN:1,string2value
FN:14,ensureTrackLocalStorage
FN:18,localStorage.setItem
FN:26,get observedAttributes
FN:35,connectedCallback
FN:37,attr
FN:38,fromStorage
FN:49,listener
FN:52,_destroy
FN:55,disconnectedCallback
FNF:10
FNH:9
FNDA:1,string2value
FNDA:1,ensureTrackLocalStorage
FNDA:1,localStorage.setItem
FNDA:0,get observedAttributes
FNDA:1,connectedCallback
FNDA:1,attr
FNDA:1,fromStorage
FNDA:1,listener
FNDA:1,_destroy
FNDA:1,disconnectedCallback
DA:1,1
DA:2,1
DA:3,1
DA:4,1
DA:5,1
DA:6,1
DA:7,1
DA:8,1
DA:9,1
DA:10,1
DA:11,1
DA:12,1
DA:13,1
DA:14,1
DA:15,1
DA:16,1
DA:17,1
DA:18,1
DA:19,1
DA:20,1
DA:21,1
DA:22,1
DA:23,1
DA:24,1
DA:25,1
DA:26,1
DA:27,0
DA:28,0
DA:29,0
DA:30,0
DA:31,0
DA:32,0
DA:33,0
DA:34,1
DA:35,1
DA:36,1
DA:37,1
DA:38,1
DA:39,1
DA:40,1
DA:41,1
DA:42,1
DA:43,1
DA:44,1
DA:45,1
DA:46,1
DA:47,1
DA:48,1
DA:49,1
DA:50,1
DA:51,1
DA:52,1
DA:53,1
DA:54,1
DA:55,1
DA:56,1
DA:57,1
DA:58,1
DA:59,1
LF:59
LH:52
BRDA:1,0,0,1
BRDA:1,1,0,1
BRDA:3,2,0,0
BRDA:9,3,0,0
BRDA:9,4,0,0
BRDA:14,5,0,1
BRDA:18,6,0,1
BRDA:35,7,0,1
BRDA:44,8,0,0
BRDA:37,9,0,1
BRDA:38,10,0,1
BRDA:49,11,0,1
BRDA:52,12,0,1
BRDA:55,13,0,1
BRF:14
BRH:10
end_of_record
TN:
SF:src\location-element.js
FN:1,attr
FN:5,get observedAttributes
FN:13,LocationElement
FN:17,listener
FN:18,propagateSlice
FN:35,LocationElement.sliceInit
FN:45,LocationElement._destroy
FN:57,connectedCallback
FN:58,disconnectedCallback
FNF:9
FNH:8
FNDA:1,attr
FNDA:0,get observedAttributes
FNDA:1,LocationElement
FNDA:1,listener
FNDA:1,propagateSlice
FNDA:1,LocationElement.sliceInit
FNDA:1,LocationElement._destroy
FNDA:1,connectedCallback
FNDA:1,disconnectedCallback
DA:1,1
DA:2,1
DA:3,1
DA:4,1
DA:5,1
DA:6,0
DA:7,0
DA:8,0
DA:9,0
DA:10,0
DA:11,0
DA:12,1
DA:13,1
DA:14,1
DA:15,1
DA:16,1
DA:17,1
DA:18,1
DA:19,1
DA:20,1
DA:21,1
DA:22,1
DA:23,1
DA:24,1
DA:25,1
DA:26,1
DA:27,1
DA:28,1
DA:29,1
DA:30,1
DA:31,1
DA:32,1
DA:33,1
DA:34,1
DA:35,1
DA:36,1
DA:37,1
DA:38,1
DA:39,1
DA:40,1
DA:41,1
DA:42,1
DA:43,1
DA:44,1
DA:45,1
DA:46,1
DA:47,1
DA:48,1
DA:49,1
DA:50,1
DA:51,1
DA:52,1
DA:53,1
DA:54,1
DA:55,1
DA:56,1
DA:57,1
DA:58,1
DA:59,1
DA:60,1
DA:61,1
DA:62,1
LF:62
LH:56
BRDA:1,0,0,1
BRDA:1,1,0,1
BRDA:13,2,0,1
BRDA:17,3,0,1
BRDA:18,4,0,1
BRDA:35,5,0,1
BRDA:45,6,0,1
BRDA:57,7,0,1
BRDA:58,8,0,1
BRF:9
BRH:9
end_of_record
TN:
SF:src\mocks\browser.js
FNF:0
FNH:0
DA:1,1
DA:2,1
DA:3,1
DA:4,1
DA:5,1
DA:6,1
DA:7,1
LF:7
LH:7
BRDA:1,0,0,1
BRF:1
BRH:1
end_of_record
TN:
SF:src\mocks\handlers.js
FNF:0
FNH:0
DA:1,1
DA:2,1
DA:3,1
DA:4,1
DA:5,1
DA:6,1
DA:7,1
DA:8,1
DA:9,1
DA:10,1
DA:11,1
DA:12,0
DA:13,1
DA:14,1
DA:15,1
DA:16,1
DA:17,1
DA:18,1
DA:19,1
DA:20,1
DA:21,1
LF:21
LH:20
BRDA:1,0,0,1
BRDA:6,1,0,1
BRDA:10,2,0,1
BRDA:11,3,0,1
BRDA:15,4,0,1
BRDA:17,5,0,1
BRF:6
BRH:6
end_of_record
TN:
SF:src\mocks\msw.js
FN:1,msw
FN:6,s.onload
FNF:2
FNH:2
FNDA:1,msw
FNDA:1,s.onload
DA:1,1
DA:2,1
DA:3,1
DA:4,1
DA:5,1
DA:6,1
DA:7,1
DA:8,1
DA:9,1
DA:10,1
DA:11,1
DA:12,1
DA:13,1
DA:14,1
DA:15,1
DA:16,1
DA:17,1
DA:18,1
DA:19,1
DA:20,1
DA:21,1
DA:22,1
DA:23,1
DA:24,1
DA:25,1
DA:26,1
DA:27,1
DA:28,1
DA:29,1
DA:30,1
DA:31,1
DA:32,1
LF:32
LH:32
BRDA:1,0,0,1
BRDA:1,1,0,1
BRDA:3,2,0,1
BRDA:6,3,0,1
BRF:4
BRH:4
end_of_record
TN:
SF:stories\css-scoping.stories.js
FN:13,Template
FNF:1
FNH:1
FNDA:1,Template
DA:1,1
DA:2,1
DA:3,1
DA:4,1
DA:5,1
DA:6,1
DA:7,1
DA:8,1
DA:9,1
DA:10,1
DA:11,1
DA:12,1
DA:13,1
DA:14,1
DA:15,1
DA:16,1
DA:17,1
DA:18,1
DA:19,1
DA:20,1
DA:21,1
DA:22,1
DA:23,1
DA:24,1
DA:25,1
DA:26,1
DA:27,1
DA:28,1
DA:29,1
DA:30,1
DA:31,1
DA:32,1
DA:33,1
DA:34,1
DA:35,1
DA:36,1
DA:37,1
DA:38,1
DA:39,1
DA:40,1
DA:41,1
DA:42,1
DA:43,1
DA:44,1
DA:45,1
DA:46,1
DA:47,1
DA:48,1
DA:49,1
DA:50,1
DA:51,1
DA:52,1
DA:53,1
DA:54,1
DA:55,1
DA:56,1
DA:57,1
DA:58,1
LF:58
LH:58
BRDA:1,0,0,1
BRDA:13,1,0,1
BRF:2
BRH:2
end_of_record
TN:
SF:stories\dom-merge.stories.js
FN:13,Template
FNF:1
FNH:1
FNDA:1,Template
DA:1,1
DA:2,1
DA:3,1
DA:4,1
DA:5,1
DA:6,1
DA:7,1
DA:8,1
DA:9,1
DA:10,1
DA:11,1
DA:12,1
DA:13,1
DA:14,1
DA:15,1
DA:16,1
DA:17,1
DA:18,1
DA:19,1
DA:20,1
DA:21,1
DA:22,1
DA:23,1
DA:24,1
DA:25,1
DA:26,1
DA:27,1
DA:28,1
DA:29,1
DA:30,1
DA:31,1
DA:32,1
DA:33,1
DA:34,1
DA:35,1
DA:36,1
DA:37,1
DA:38,1
DA:39,1
DA:40,1
DA:41,1
DA:42,1
DA:43,1
DA:44,1
DA:45,1
DA:46,1
DA:47,1
DA:48,1
DA:49,1
DA:50,1
DA:51,1
DA:52,1
DA:53,1
LF:53
LH:53
BRDA:1,0,0,1
BRDA:13,1,0,1
BRF:2
BRH:2
end_of_record
TN:
SF:stories\http-request.stories.js
FN:14,Template
FN:51,LifecycleInitialized
FN:87,RequestResponceHeaders
FNF:3
FNH:3
FNDA:1,Template
FNDA:1,LifecycleInitialized
FNDA:1,RequestResponceHeaders
DA:1,1
DA:2,1
DA:3,1
DA:4,1
DA:5,1
DA:6,1
DA:7,1
DA:8,1
DA:9,1
DA:10,1
DA:11,1
DA:12,1
DA:13,1
DA:14,1
DA:15,1
DA:16,1
DA:17,1
DA:18,1
DA:19,1
DA:20,1
DA:21,1
DA:22,1
DA:23,1
DA:24,1
DA:25,1
DA:26,1
DA:27,1
DA:28,1
DA:29,1
DA:30,1
DA:31,1
DA:32,1
DA:33,1
DA:34,1
DA:35,1
DA:36,1
DA:37,1
DA:38,1
DA:39,1
DA:40,1
DA:41,1
DA:42,1
DA:43,1
DA:44,1
DA:45,1
DA:46,1
DA:47,1
DA:48,1
DA:49,1
DA:50,1
DA:51,1
DA:52,1
DA:53,1
DA:54,1
DA:55,1
DA:56,1
DA:57,1
DA:58,1
DA:59,1
DA:60,1
DA:61,1
DA:62,1
DA:63,1
DA:64,1
DA:65,1
DA:66,1
DA:67,1
DA:68,1
DA:69,1
DA:70,1
DA:71,1
DA:72,1
DA:73,1
DA:74,1
DA:75,1
DA:76,1
DA:77,1
DA:78,1
DA:79,1
DA:80,1
DA:81,1
DA:82,1
DA:83,1
DA:84,1
DA:85,1
DA:86,1
DA:87,1
DA:88,1
DA:89,1
DA:90,1
DA:91,1
DA:92,1
DA:93,1
DA:94,1
DA:95,1
DA:96,1
DA:97,1
DA:98,1
DA:99,1
DA:100,1
DA:101,1
DA:102,1
DA:103,1
DA:104,1
DA:105,1
DA:106,1
DA:107,1
DA:108,1
DA:109,1
DA:110,1
DA:111,1
DA:112,1
DA:113,1
DA:114,1
DA:115,1
DA:116,1
DA:117,1
DA:118,1
DA:119,1
DA:120,1
DA:121,1
DA:122,1
DA:123,1
DA:124,1
DA:125,1
DA:126,1
DA:127,1
DA:128,1
DA:129,1
DA:130,1
DA:131,1
DA:132,1
DA:133,1
DA:134,1
DA:135,1
DA:136,1
DA:137,1
DA:138,1
DA:139,1
DA:140,1
DA:141,1
DA:142,1
DA:143,1
DA:144,1
DA:145,1
DA:146,1
DA:147,1
DA:148,1
DA:149,1
DA:150,1
LF:150
LH:150
BRDA:1,0,0,1
BRDA:14,1,0,1
BRDA:51,2,0,1
BRDA:87,3,0,1
BRF:4
BRH:4
end_of_record
TN:
SF:stories\local-storage.stories.js
FN:19,Template
FNF:1
FNH:1
FNDA:1,Template
DA:1,1
DA:2,1
DA:3,1
DA:4,1
DA:5,1
DA:6,1
DA:7,1
DA:8,1
DA:9,1
DA:10,1
DA:11,1
DA:12,1
DA:13,1
DA:14,1
DA:15,1
DA:16,1
DA:17,1
DA:18,1
DA:19,1
DA:20,1
DA:21,1
DA:22,1
DA:23,1
DA:24,1
DA:25,1
DA:26,1
DA:27,1
DA:28,1
DA:29,1
DA:30,1
DA:31,1
DA:32,1
DA:33,1
DA:34,1
DA:35,1
DA:36,1
DA:37,1
DA:38,1
DA:39,1
DA:40,1
DA:41,1
DA:42,1
DA:43,1
DA:44,1
DA:45,1
DA:46,1
DA:47,1
DA:48,1
DA:49,1
DA:50,1
DA:51,1
DA:52,1
DA:53,1
DA:54,1
DA:55,1
DA:56,1
DA:57,1
DA:58,1
DA:59,1
DA:60,1
DA:61,1
DA:62,1
DA:63,1
DA:64,1
DA:65,1
DA:66,1
LF:66
LH:66
BRDA:1,0,0,1
BRDA:19,1,0,1
BRF:2
BRH:2
end_of_record
TN:
SF:stories\location-element.stories.js
FN:16,Template
FNF:1
FNH:1
FNDA:1,Template
DA:1,1
DA:2,1
DA:3,1
DA:4,1
DA:5,1
DA:6,1
DA:7,1
DA:8,1
DA:9,1
DA:10,1
DA:11,1
DA:12,1
DA:13,1
DA:14,1
DA:15,1
DA:16,1
DA:17,1
DA:18,1
DA:19,1
DA:20,1
DA:21,1
DA:22,1
DA:23,1
DA:24,1
DA:25,1
DA:26,1
DA:27,1
DA:28,1
DA:29,1
DA:30,1
DA:31,1
DA:32,1
DA:33,1
DA:34,1
DA:35,1
DA:36,1
DA:37,1
DA:38,1
DA:39,1
DA:40,1
DA:41,1
DA:42,1
DA:43,1
DA:44,1
DA:45,1
DA:46,1
DA:47,1
DA:48,1
DA:49,1
DA:50,1
DA:51,1
DA:52,1
DA:53,1
DA:54,1
DA:55,1
DA:56,1
DA:57,1
DA:58,1
DA:59,1
DA:60,1
DA:61,1
DA:62,1
DA:63,1
DA:64,1
DA:65,1
DA:66,1
DA:67,1
DA:68,1
DA:69,1
DA:70,1
DA:71,1
DA:72,1
DA:73,1
DA:74,1
DA:75,1
DA:76,1
DA:77,1
DA:78,1
DA:79,1
DA:80,1
DA:81,1
LF:81
LH:81
BRDA:1,0,0,1
BRDA:16,1,0,1
BRF:2
BRH:2
end_of_record
TN:
SF:stories\playground.stories.js
FN:13,Template
FNF:1
FNH:1
FNDA:1,Template
DA:1,1
DA:2,1
DA:3,1
DA:4,1
DA:5,1
DA:6,1
DA:7,1
DA:8,1
DA:9,1
DA:10,1
DA:11,1
DA:12,1
DA:13,1
DA:14,1
DA:15,1
DA:16,1
DA:17,1
DA:18,1
DA:19,1
DA:20,1
DA:21,1
DA:22,1
DA:23,1
DA:24,1
DA:25,1
DA:26,1
DA:27,1
DA:28,1
DA:29,1
DA:30,1
DA:31,1
DA:32,1
DA:33,1
DA:34,1
DA:35,1
DA:36,1
DA:37,1
DA:38,1
DA:39,1
DA:40,1
DA:41,1
DA:42,1
DA:43,1
DA:44,1
DA:45,1
DA:46,1
DA:47,1
DA:48,1
DA:49,1
DA:50,1
DA:51,1
DA:52,1
DA:53,1
DA:54,1
DA:55,1
DA:56,1
DA:57,1
DA:58,1
DA:59,1
DA:60,1
DA:61,1
DA:62,1
DA:63,1
DA:64,1
DA:65,1
DA:66,1
DA:67,1
DA:68,1
DA:69,1
DA:70,1
DA:71,1
DA:72,1
DA:73,1
DA:74,1
DA:75,1
DA:76,1
DA:77,1
DA:78,1
DA:79,1
DA:80,1
DA:81,1
DA:82,1
DA:83,1
DA:84,1
DA:85,1
DA:86,1
DA:87,1
DA:88,1
DA:89,1
DA:90,1
DA:91,1
DA:92,1
DA:93,1
DA:94,1
DA:95,1
DA:96,1
DA:97,1
DA:98,1
DA:99,1
DA:100,1
DA:101,1
DA:102,1
DA:103,1
DA:104,1
DA:105,1
DA:106,1
DA:107,1
DA:108,1
DA:109,1
DA:110,1
DA:111,1
DA:112,1
DA:113,1
DA:114,1
DA:115,1
DA:116,1
DA:117,1
LF:117
LH:117
BRDA:1,0,0,1
BRDA:13,1,0,1
BRF:2
BRH:2
end_of_record
TN:
SF:stories\pokemons.mock.js
FNF:0
FNH:0
DA:1,1
DA:2,1
DA:3,1
DA:4,1
DA:5,1
DA:6,1
DA:7,1
DA:8,1
DA:9,1
DA:10,1
DA:11,1
DA:12,1
DA:13,1
LF:13
LH:13
BRDA:1,0,0,1
BRF:1
BRH:1
end_of_record
TN:
SF:stories\src-attribute.stories.js
FN:13,Template
FNF:1
FNH:1
FNDA:1,Template
DA:1,1
DA:2,1
DA:3,1
DA:4,1
DA:5,1
DA:6,1
DA:7,1
DA:8,1
DA:9,1
DA:10,1
DA:11,1
DA:12,1
DA:13,1
DA:14,1
DA:15,1
DA:16,1
DA:17,1
DA:18,1
DA:19,1
DA:20,1
DA:21,1
DA:22,1
DA:23,1
DA:24,1
DA:25,1
DA:26,1
DA:27,1
DA:28,1
DA:29,1
DA:30,1
DA:31,1
DA:32,1
DA:33,1
DA:34,1
DA:35,1
DA:36,1
DA:37,1
DA:38,1
DA:39,1
DA:40,1
DA:41,1
DA:42,1
DA:43,1
DA:44,1
DA:45,1
DA:46,1
DA:47,1
DA:48,1
DA:49,1
DA:50,1
DA:51,1
DA:52,1
DA:53,1
DA:54,1
DA:55,1
DA:56,1
DA:57,1
DA:58,1
DA:59,1
DA:60,1
DA:61,1
DA:62,1
DA:63,1
DA:64,1
DA:65,1
DA:66,1
DA:67,1
DA:68,1
DA:69,1
DA:70,1
DA:71,1
DA:72,1
DA:73,1
DA:74,1
DA:75,1
DA:76,1
DA:77,1
DA:78,1
DA:79,1
DA:80,1
DA:81,1
DA:82,1
DA:83,1
DA:84,1
DA:85,1
DA:86,1
DA:87,1
DA:88,1
DA:89,1
DA:90,1
DA:91,1
DA:92,1
DA:93,1
DA:94,1
DA:95,1
DA:96,1
DA:97,1
DA:98,1
DA:99,1
DA:100,1
DA:101,1
DA:102,1
DA:103,1
DA:104,1
DA:105,1
DA:106,1
DA:107,1
DA:108,1
DA:109,1
DA:110,1
DA:111,1
DA:112,1
DA:113,1
DA:114,1
DA:115,1
DA:116,1
DA:117,1
DA:118,1
LF:118
LH:118
BRDA:1,0,0,1
BRDA:13,1,0,1
BRF:2
BRH:2
end_of_record
